<?xml version="1.0" encoding="UTF-8"?>
<!-- Generated by org.testng.reporters.JUnitReportReporter -->
<testsuite hostname="COG-WIN-MAC03" failures="0" tests="1" name="testCases.FooterTest" time="132.637" errors="0" timestamp="2022-11-10T14:41:19 IST" skipped="0">
  <testcase classname="testCases.FooterTest" name="ValidateClickTestingOfFooterPage" time="132.637"/>
  <system-out/>
</testsuite> <!-- testCases.FooterTest -->
