<?xml version="1.0" encoding="UTF-8"?>
<!-- Generated by org.testng.reporters.JUnitReportReporter -->
<testsuite hostname="COG-WIN-MAC03" failures="0" tests="1" name="testCases.FooterTest" time="128.715" errors="0" timestamp="2022-12-07T17:59:30 IST" skipped="0">
  <testcase classname="testCases.FooterTest" name="ValidateClickTestingOfFooterPage" time="128.715"/>
  <system-out/>
</testsuite> <!-- testCases.FooterTest -->
