<?xml version="1.0" encoding="UTF-8"?>
<!-- Generated by org.testng.reporters.JUnitReportReporter -->
<testsuite hostname="COG-WIN-MAC03" failures="0" tests="1" name="testCases.FooterTest" time="130.532" errors="0" timestamp="2023-07-12T22:46:28 IST" skipped="0">
  <testcase classname="testCases.FooterTest" name="ValidateClickTestingOfFooterPage" time="130.532"/>
  <system-out/>
</testsuite> <!-- testCases.FooterTest -->
